Traceback (most recent call last):
  File "C:\Users\romer\miniconda3\envs\dataviz_venv\lib\site-packages\jupyter_core\utils\__init__.py", line 154, in wrapped
    asyncio.get_running_loop()
RuntimeError: no running event loop

During handling of the above exception, another exception occurred:

Traceback (most recent call last):
  File "C:\Users\romer\miniconda3\envs\dataviz_venv\lib\site-packages\jupyter_cache\executors\utils.py", line 58, in single_nb_execution
    executenb(
  File "C:\Users\romer\miniconda3\envs\dataviz_venv\lib\site-packages\nbclient\client.py", line 1305, in execute
    return NotebookClient(nb=nb, resources=resources, km=km, **kwargs).execute()
  File "C:\Users\romer\miniconda3\envs\dataviz_venv\lib\site-packages\jupyter_core\utils\__init__.py", line 158, in wrapped
    return loop.run_until_complete(inner)
  File "C:\Users\romer\miniconda3\envs\dataviz_venv\lib\asyncio\base_events.py", line 647, in run_until_complete
    return future.result()
  File "C:\Users\romer\miniconda3\envs\dataviz_venv\lib\site-packages\nbclient\client.py", line 705, in async_execute
    await self.async_execute_cell(
  File "C:\Users\romer\miniconda3\envs\dataviz_venv\lib\site-packages\nbclient\client.py", line 1058, in async_execute_cell
    await self._check_raise_for_error(cell, cell_index, exec_reply)
  File "C:\Users\romer\miniconda3\envs\dataviz_venv\lib\site-packages\nbclient\client.py", line 914, in _check_raise_for_error
    raise CellExecutionError.from_cell_and_msg(cell, exec_reply_content)
nbclient.exceptions.CellExecutionError: An error occurred while executing the following cell:
------------------
# Instalar Yahoo Finance
!pip install yfinance

# Importar librerías
import pandas as pd
import yfinance as yf
import matplotlib.pyplot as plt
import seaborn as sns
import statsmodels.api as sm
import numpy as np
from statsmodels.tsa.seasonal import seasonal_decompose, STL
from statsmodels.tsa.stattools import adfuller
from statsmodels.graphics.tsaplots import plot_acf, plot_pacf
import numpy as np
from sklearn.linear_model import LinearRegression
from sklearn.preprocessing import PolynomialFeatures
import warnings
warnings.filterwarnings("ignore")

------------------

----- stdout -----
Requirement already satisfied: yfinance in c:\users\romer\miniconda3\envs\dataviz_venv\lib\site-packages (1.2.0)
Requirement already satisfied: pandas>=1.3.0 in c:\users\romer\miniconda3\envs\dataviz_venv\lib\site-packages (from yfinance) (2.1.0)
Requirement already satisfied: numpy>=1.16.5 in c:\users\romer\miniconda3\envs\dataviz_venv\lib\site-packages (from yfinance) (1.25.2)
Requirement already satisfied: requests>=2.31 in c:\users\romer\miniconda3\envs\dataviz_venv\lib\site-packages (from yfinance) (2.32.5)
Requirement already satisfied: multitasking>=0.0.7 in c:\users\romer\miniconda3\envs\dataviz_venv\lib\site-packages (from yfinance) (0.0.12)
Requirement already satisfied: platformdirs>=2.0.0 in c:\users\romer\miniconda3\envs\dataviz_venv\lib\site-packages (from yfinance) (4.3.8)
Requirement already satisfied: pytz>=2022.5 in c:\users\romer\miniconda3\envs\dataviz_venv\lib\site-packages (from yfinance) (2023.3)
Requirement already satisfied: frozendict>=2.3.4 in c:\users\romer\miniconda3\envs\dataviz_venv\lib\site-packages (from yfinance) (2.4.7)
Requirement already satisfied: peewee>=3.16.2 in c:\users\romer\miniconda3\envs\dataviz_venv\lib\site-packages (from yfinance) (4.0.0)
Requirement already satisfied: beautifulsoup4>=4.11.1 in c:\users\romer\miniconda3\envs\dataviz_venv\lib\site-packages (from yfinance) (4.12.2)
Requirement already satisfied: curl_cffi<0.14,>=0.7 in c:\users\romer\miniconda3\envs\dataviz_venv\lib\site-packages (from yfinance) (0.13.0)
Requirement already satisfied: protobuf>=3.19.0 in c:\users\romer\miniconda3\envs\dataviz_venv\lib\site-packages (from yfinance) (3.19.6)
Requirement already satisfied: websockets>=13.0 in c:\users\romer\miniconda3\envs\dataviz_venv\lib\site-packages (from yfinance) (15.0.1)
Requirement already satisfied: cffi>=1.12.0 in c:\users\romer\miniconda3\envs\dataviz_venv\lib\site-packages (from curl_cffi<0.14,>=0.7->yfinance) (1.17.1)
Requirement already satisfied: certifi>=2024.2.2 in c:\users\romer\miniconda3\envs\dataviz_venv\lib\site-packages (from curl_cffi<0.14,>=0.7->yfinance) (2025.10.5)
Requirement already satisfied: soupsieve>1.2 in c:\users\romer\miniconda3\envs\dataviz_venv\lib\site-packages (from beautifulsoup4>=4.11.1->yfinance) (2.5)
Requirement already satisfied: pycparser in c:\users\romer\miniconda3\envs\dataviz_venv\lib\site-packages (from cffi>=1.12.0->curl_cffi<0.14,>=0.7->yfinance) (2.22)
Requirement already satisfied: python-dateutil>=2.8.2 in c:\users\romer\miniconda3\envs\dataviz_venv\lib\site-packages (from pandas>=1.3.0->yfinance) (2.8.2)
Requirement already satisfied: tzdata>=2022.1 in c:\users\romer\miniconda3\envs\dataviz_venv\lib\site-packages (from pandas>=1.3.0->yfinance) (2023.3)
Requirement already satisfied: six>=1.5 in c:\users\romer\miniconda3\envs\dataviz_venv\lib\site-packages (from python-dateutil>=2.8.2->pandas>=1.3.0->yfinance) (1.16.0)
Requirement already satisfied: charset_normalizer<4,>=2 in c:\users\romer\miniconda3\envs\dataviz_venv\lib\site-packages (from requests>=2.31->yfinance) (3.4.4)
Requirement already satisfied: idna<4,>=2.5 in c:\users\romer\miniconda3\envs\dataviz_venv\lib\site-packages (from requests>=2.31->yfinance) (3.11)
Requirement already satisfied: urllib3<3,>=1.21.1 in c:\users\romer\miniconda3\envs\dataviz_venv\lib\site-packages (from requests>=2.31->yfinance) (1.26.20)
------------------

[1;31m---------------------------------------------------------------------------[0m
[1;31mModuleNotFoundError[0m                       Traceback (most recent call last)
Cell [1;32mIn[1], line 9[0m
[0;32m      7[0m [38;5;28;01mimport[39;00m[38;5;250m [39m[38;5;21;01mmatplotlib[39;00m[38;5;21;01m.[39;00m[38;5;21;01mpyplot[39;00m[38;5;250m [39m[38;5;28;01mas[39;00m[38;5;250m [39m[38;5;21;01mplt[39;00m
[0;32m      8[0m [38;5;28;01mimport[39;00m[38;5;250m [39m[38;5;21;01mseaborn[39;00m[38;5;250m [39m[38;5;28;01mas[39;00m[38;5;250m [39m[38;5;21;01msns[39;00m
[1;32m----> 9[0m [38;5;28;01mimport[39;00m[38;5;250m [39m[38;5;21;01mstatsmodels[39;00m[38;5;21;01m.[39;00m[38;5;21;01mapi[39;00m[38;5;250m [39m[38;5;28;01mas[39;00m[38;5;250m [39m[38;5;21;01msm[39;00m
[0;32m     10[0m [38;5;28;01mimport[39;00m[38;5;250m [39m[38;5;21;01mnumpy[39;00m[38;5;250m [39m[38;5;28;01mas[39;00m[38;5;250m [39m[38;5;21;01mnp[39;00m
[0;32m     11[0m [38;5;28;01mfrom[39;00m[38;5;250m [39m[38;5;21;01mstatsmodels[39;00m[38;5;21;01m.[39;00m[38;5;21;01mtsa[39;00m[38;5;21;01m.[39;00m[38;5;21;01mseasonal[39;00m[38;5;250m [39m[38;5;28;01mimport[39;00m seasonal_decompose, STL

[1;31mModuleNotFoundError[0m: No module named 'statsmodels'

